0 info it worked if it ends with ok
1 verbose cli [ '/usr/local/Cellar/node/6.7.0/bin/node',
1 verbose cli   '/usr/local/bin/npm',
1 verbose cli   'run',
1 verbose cli   'watch' ]
2 info using npm@3.10.7
3 info using node@v6.7.0
4 verbose run-script [ 'prewatch', 'watch', 'postwatch' ]
5 info lifecycle kagyumonlam.org@0.0.1~prewatch: kagyumonlam.org@0.0.1
6 silly lifecycle kagyumonlam.org@0.0.1~prewatch: no script for prewatch, continuing
7 info lifecycle kagyumonlam.org@0.0.1~watch: kagyumonlam.org@0.0.1
8 verbose lifecycle kagyumonlam.org@0.0.1~watch: unsafe-perm in lifecycle true
9 verbose lifecycle kagyumonlam.org@0.0.1~watch: PATH: /usr/local/lib/node_modules/npm/bin/node-gyp-bin:/Users/talltom/Documents/monlam-web/kagyumonlam.org/node_modules/.bin:/usr/local/Cellar/node/6.7.0/bin:/usr/local/git/current/bin:/usr/local/bin:/usr/bin:/bin:/usr/local/sbin:/usr/sbin:/sbin
10 verbose lifecycle kagyumonlam.org@0.0.1~watch: CWD: /Users/talltom/Documents/monlam-web/kagyumonlam.org
11 silly lifecycle kagyumonlam.org@0.0.1~watch: Args: [ '-c', 'NODE_ENV=development node index.js' ]
12 silly lifecycle kagyumonlam.org@0.0.1~watch: Returned: code: 1  signal: null
13 info lifecycle kagyumonlam.org@0.0.1~watch: Failed to exec watch script
14 verbose stack Error: kagyumonlam.org@0.0.1 watch: `NODE_ENV=development node index.js`
14 verbose stack Exit status 1
14 verbose stack     at EventEmitter.<anonymous> (/usr/local/lib/node_modules/npm/lib/utils/lifecycle.js:255:16)
14 verbose stack     at emitTwo (events.js:106:13)
14 verbose stack     at EventEmitter.emit (events.js:191:7)
14 verbose stack     at ChildProcess.<anonymous> (/usr/local/lib/node_modules/npm/lib/utils/spawn.js:40:14)
14 verbose stack     at emitTwo (events.js:106:13)
14 verbose stack     at ChildProcess.emit (events.js:191:7)
14 verbose stack     at maybeClose (internal/child_process.js:877:16)
14 verbose stack     at Process.ChildProcess._handle.onexit (internal/child_process.js:226:5)
15 verbose pkgid kagyumonlam.org@0.0.1
16 verbose cwd /Users/talltom/Documents/monlam-web/kagyumonlam.org
17 error Darwin 15.6.0
18 error argv "/usr/local/Cellar/node/6.7.0/bin/node" "/usr/local/bin/npm" "run" "watch"
19 error node v6.7.0
20 error npm  v3.10.7
21 error code ELIFECYCLE
22 error kagyumonlam.org@0.0.1 watch: `NODE_ENV=development node index.js`
22 error Exit status 1
23 error Failed at the kagyumonlam.org@0.0.1 watch script 'NODE_ENV=development node index.js'.
23 error Make sure you have the latest version of node.js and npm installed.
23 error If you do, this is most likely a problem with the kagyumonlam.org package,
23 error not with npm itself.
23 error Tell the author that this fails on your system:
23 error     NODE_ENV=development node index.js
23 error You can get information on how to open an issue for this project with:
23 error     npm bugs kagyumonlam.org
23 error Or if that isn't available, you can get their info via:
23 error     npm owner ls kagyumonlam.org
23 error There is likely additional logging output above.
24 verbose exit [ 1, true ]
